2025-09-30 03:49:27 - HandControlSystem - INFO - main.py:28 - Initializing Hand Control System...
2025-09-30 03:49:27 - HandControlSystem - INFO - main.py:51 - Gesture recognizer initialized
2025-09-30 03:49:27 - HandControlSystem - INFO - main.py:61 - Status overlay initialized
2025-09-30 03:49:27 - HandControlSystem - INFO - main.py:77 - Gesture recognition started
2025-09-30 03:50:00 - HandControlSystem - INFO - main.py:109 - Voice control enabled
2025-09-30 03:50:06 - HandControlSystem - INFO - main.py:155 - System shutdown complete
2025-09-30 03:50:10 - HandControlSystem - INFO - main.py:28 - Initializing Hand Control System...
2025-09-30 03:50:10 - HandControlSystem - INFO - main.py:51 - Gesture recognizer initialized
2025-09-30 03:50:11 - HandControlSystem - INFO - main.py:56 - Voice controller initialized
2025-09-30 03:50:11 - HandControlSystem - INFO - main.py:61 - Status overlay initialized
2025-09-30 03:50:11 - HandControlSystem - INFO - main.py:77 - Gesture recognition started
2025-09-30 03:50:11 - HandControlSystem - INFO - main.py:87 - Voice control started
2025-09-30 03:50:25 - HandControlSystem - INFO - main.py:109 - Voice control disabled
2025-09-30 03:50:43 - HandControlSystem - INFO - main.py:155 - System shutdown complete
2025-09-30 03:52:27 - HandControlSystem - INFO - main.py:28 - Initializing Hand Control System...
2025-09-30 03:52:27 - HandControlSystem - INFO - main.py:51 - Gesture recognizer initialized
2025-09-30 03:52:27 - HandControlSystem - INFO - main.py:61 - Status overlay initialized
2025-09-30 03:52:27 - HandControlSystem - INFO - main.py:77 - Gesture recognition started
2025-09-30 03:52:45 - HandControlSystem - INFO - main.py:155 - System shutdown complete
2025-09-30 03:56:42 - HandControlSystem - INFO - main.py:28 - Initializing Hand Control System...
2025-09-30 03:56:42 - HandControlSystem - INFO - main.py:51 - Gesture recognizer initialized
2025-09-30 03:56:42 - HandControlSystem - INFO - main.py:61 - Status overlay initialized
2025-09-30 03:56:42 - HandControlSystem - INFO - main.py:77 - Gesture recognition started
2025-09-30 03:59:54 - HandControlSystem - INFO - main.py:155 - System shutdown complete
2025-09-30 04:00:00 - HandControlSystem - INFO - main.py:28 - Initializing Hand Control System...
2025-09-30 04:00:00 - HandControlSystem - INFO - main.py:51 - Gesture recognizer initialized
2025-09-30 04:00:00 - HandControlSystem - INFO - main.py:61 - Status overlay initialized
2025-09-30 04:00:00 - HandControlSystem - INFO - main.py:77 - Gesture recognition started
2025-09-30 04:01:25 - HandControlSystem - INFO - main.py:122 - Settings updated
2025-09-30 04:01:29 - HandControlSystem - INFO - main.py:122 - Settings updated
2025-09-30 04:01:35 - HandControlSystem - INFO - main.py:155 - System shutdown complete
2025-09-30 04:01:48 - HandControlSystem - INFO - main.py:28 - Initializing Hand Control System...
2025-09-30 04:01:48 - HandControlSystem - INFO - main.py:51 - Gesture recognizer initialized
2025-09-30 04:01:48 - HandControlSystem - INFO - main.py:77 - Gesture recognition started
2025-09-30 04:02:58 - HandControlSystem - INFO - main.py:155 - System shutdown complete
2025-09-30 04:05:30 - HandControlSystem - INFO - main.py:28 - Initializing Hand Control System...
2025-09-30 04:05:30 - HandControlSystem - INFO - main.py:51 - Gesture recognizer initialized
2025-09-30 04:05:30 - HandControlSystem - INFO - main.py:77 - Gesture recognition started
2025-09-30 04:06:21 - HandControlSystem - INFO - main.py:98 - Gesture recognition disabled
2025-09-30 04:06:23 - HandControlSystem - INFO - main.py:98 - Gesture recognition enabled
2025-09-30 04:07:09 - HandControlSystem - INFO - main.py:122 - Settings updated
2025-09-30 04:07:19 - HandControlSystem - INFO - main.py:155 - System shutdown complete
2025-09-30 04:07:25 - HandControlSystem - INFO - main.py:28 - Initializing Hand Control System...
2025-09-30 04:07:25 - HandControlSystem - INFO - main.py:51 - Gesture recognizer initialized
2025-09-30 04:07:25 - HandControlSystem - INFO - main.py:77 - Gesture recognition started
2025-09-30 04:09:53 - HandControlSystem - INFO - main.py:155 - System shutdown complete
2025-09-30 04:17:38 - HandControlSystem - INFO - main.py:28 - Initializing Hand Control System...
2025-09-30 04:17:38 - HandControlSystem - INFO - main.py:51 - Gesture recognizer initialized
2025-09-30 04:17:38 - HandControlSystem - INFO - main.py:77 - Gesture recognition started
2025-09-30 04:17:57 - HandControlSystem - INFO - main.py:28 - Initializing Hand Control System...
2025-09-30 04:17:57 - HandControlSystem - INFO - main.py:51 - Gesture recognizer initialized
2025-09-30 04:17:57 - HandControlSystem - INFO - main.py:77 - Gesture recognition started
2025-09-30 04:23:34 - HandControlSystem - INFO - main.py:155 - System shutdown complete
